# JRE version: OpenJDK Runtime Environment Microsoft-32931 (17.0.3+7) (build 17.0.3+7-LTS)
# Java VM: OpenJDK 64-Bit Server VM Microsoft-32931 (17.0.3+7-LTS, mixed mode, tiered, compressed oops, compressed class ptrs, g1 gc, windows-amd64)
GC Precious Log:
 CPUs: 8 total, 8 available
 Memory: 32721M
 Large Page Support: Disabled
 NUMA Support: Disabled
 Compressed Oops: Enabled (Zero based)
 Heap Region Size: 8M
 Heap Min Capacity: 1256M
 Heap Initial Capacity: 1256M
 Heap Max Capacity: 12096M
 Pre-touch: Disabled
 Parallel Workers: 8
 Concurrent Workers: 2
 Concurrent Refinement Workers: 8
 Periodic GC: Disabled
Heap:
 garbage-first heap   total 1286144K, used 795503K [0x000000050c000000, 0x0000000800000000)
  region size 8192K, 76 young (622592K), 8 survivors (65536K)
 Metaspace       used 88180K, committed 89536K, reserved 1130496K
  class space    used 12009K, committed 12608K, reserved 1048576K
GC Heap History (20 events):
Event: 1.813 GC heap before
{Heap before GC invocations=4 (full 0):
 garbage-first heap   total 1286144K, used 134548K [0x000000050c000000, 0x0000000800000000)
  region size 8192K, 16 young (131072K), 2 survivors (16384K)
 Metaspace       used 21276K, committed 21504K, reserved 1073152K
  class space    used 2199K, committed 2304K, reserved 1048576K
}
Event: 1.816 GC heap after
{Heap after GC invocations=5 (full 0):
 garbage-first heap   total 1286144K, used 31802K [0x000000050c000000, 0x0000000800000000)
  region size 8192K, 2 young (16384K), 2 survivors (16384K)
 Metaspace       used 21276K, committed 21504K, reserved 1073152K
  class space    used 2199K, committed 2304K, reserved 1048576K
}
Event: 4.186 GC heap before
{Heap before GC invocations=6 (full 0):
 garbage-first heap   total 1286144K, used 654394K [0x000000050c000000, 0x0000000800000000)
  region size 8192K, 74 young (606208K), 2 survivors (16384K)
 Metaspace       used 32546K, committed 33088K, reserved 1081344K
  class space    used 3717K, committed 3968K, reserved 1048576K
}
Event: 4.210 GC heap after
{Heap after GC invocations=7 (full 0):
 garbage-first heap   total 1286144K, used 128660K [0x000000050c000000, 0x0000000800000000)
  region size 8192K, 10 young (81920K), 10 survivors (81920K)
 Metaspace       used 32546K, committed 33088K, reserved 1081344K
  class space    used 3717K, committed 3968K, reserved 1048576K
}
Event: 4.449 GC heap before
{Heap before GC invocations=7 (full 0):
 garbage-first heap   total 1286144K, used 210580K [0x000000050c000000, 0x0000000800000000)
  region size 8192K, 21 young (172032K), 10 survivors (81920K)
 Metaspace       used 35630K, committed 36288K, reserved 1089536K
  class space    used 4043K, committed 4352K, reserved 1048576K
}
Event: 4.469 GC heap after
{Heap after GC invocations=8 (full 0):
 garbage-first heap   total 1286144K, used 136292K [0x000000050c000000, 0x0000000800000000)
  region size 8192K, 1 young (8192K), 1 survivors (8192K)
 Metaspace       used 35630K, committed 36288K, reserved 1089536K
  class space    used 4043K, committed 4352K, reserved 1048576K
}
Event: 5.102 GC heap before
{Heap before GC invocations=9 (full 0):
 garbage-first heap   total 1286144K, used 570468K [0x000000050c000000, 0x0000000800000000)
  region size 8192K, 53 young (434176K), 1 survivors (8192K)
 Metaspace       used 36343K, committed 37248K, reserved 1089536K
  class space    used 4142K, committed 4544K, reserved 1048576K
}
Event: 5.106 GC heap after
{Heap after GC invocations=10 (full 0):
 garbage-first heap   total 1286144K, used 144798K [0x000000050c000000, 0x0000000800000000)
  region size 8192K, 2 young (16384K), 2 survivors (16384K)
 Metaspace       used 36343K, committed 37248K, reserved 1089536K
  class space    used 4142K, committed 4544K, reserved 1048576K
}
Event: 6.045 GC heap before
{Heap before GC invocations=10 (full 0):
 garbage-first heap   total 1286144K, used 898462K [0x000000050c000000, 0x0000000800000000)
  region size 8192K, 94 young (770048K), 2 survivors (16384K)
 Metaspace       used 36366K, committed 37248K, reserved 1089536K
  class space    used 4142K, committed 4544K, reserved 1048576K
}
Event: 6.050 GC heap after
{Heap after GC invocations=11 (full 0):
 garbage-first heap   total 1286144K, used 150200K [0x000000050c000000, 0x0000000800000000)
  region size 8192K, 2 young (16384K), 2 survivors (16384K)
 Metaspace       used 36366K, committed 37248K, reserved 1089536K
  class space    used 4142K, committed 4544K, reserved 1048576K
}
Event: 7.028 GC heap before
{Heap before GC invocations=11 (full 0):
 garbage-first heap   total 1286144K, used 903864K [0x000000050c000000, 0x0000000800000000)
  region size 8192K, 94 young (770048K), 2 survivors (16384K)
 Metaspace       used 39453K, committed 40384K, reserved 1089536K
  class space    used 4502K, committed 4928K, reserved 1048576K
}
Event: 7.040 GC heap after
{Heap after GC invocations=12 (full 0):
 garbage-first heap   total 1286144K, used 168761K [0x000000050c000000, 0x0000000800000000)
  region size 8192K, 4 young (32768K), 4 survivors (32768K)
 Metaspace       used 39453K, committed 40384K, reserved 1089536K
  class space    used 4502K, committed 4928K, reserved 1048576K
}
Event: 7.844 GC heap before
{Heap before GC invocations=12 (full 0):
 garbage-first heap   total 1286144K, used 922425K [0x000000050c000000, 0x0000000800000000)
  region size 8192K, 94 young (770048K), 4 survivors (32768K)
 Metaspace       used 43920K, committed 44992K, reserved 1089536K
  class space    used 5064K, committed 5568K, reserved 1048576K
}
Event: 7.863 GC heap after
{Heap after GC invocations=13 (full 0):
 garbage-first heap   total 1286144K, used 200872K [0x000000050c000000, 0x0000000800000000)
  region size 8192K, 6 young (49152K), 6 survivors (49152K)
 Metaspace       used 43920K, committed 44992K, reserved 1089536K
  class space    used 5064K, committed 5568K, reserved 1048576K
}
Event: 8.621 GC heap before
{Heap before GC invocations=13 (full 0):
 garbage-first heap   total 1286144K, used 921768K [0x000000050c000000, 0x0000000800000000)
  region size 8192K, 94 young (770048K), 6 survivors (49152K)
 Metaspace       used 45728K, committed 46848K, reserved 1097728K
  class space    used 5251K, committed 5760K, reserved 1048576K
}
Event: 8.639 GC heap after
{Heap after GC invocations=14 (full 0):
 garbage-first heap   total 1286144K, used 216003K [0x000000050c000000, 0x0000000800000000)
  region size 8192K, 8 young (65536K), 8 survivors (65536K)
 Metaspace       used 45728K, committed 46848K, reserved 1097728K
  class space    used 5251K, committed 5760K, reserved 1048576K
}
Event: 9.999 GC heap before
{Heap before GC invocations=14 (full 0):
 garbage-first heap   total 1286144K, used 920515K [0x000000050c000000, 0x0000000800000000)
  region size 8192K, 94 young (770048K), 8 survivors (65536K)
 Metaspace       used 57033K, committed 58176K, reserved 1105920K
  class space    used 6909K, committed 7424K, reserved 1048576K
}
Event: 10.022 GC heap after
{Heap after GC invocations=15 (full 0):
 garbage-first heap   total 1548288K, used 237426K [0x000000050c000000, 0x0000000800000000)
  region size 8192K, 9 young (73728K), 9 survivors (73728K)
 Metaspace       used 57033K, committed 58176K, reserved 1105920K
  class space    used 6909K, committed 7424K, reserved 1048576K
}
Event: 10.510 GC heap before
{Heap before GC invocations=15 (full 0):
 garbage-first heap   total 1548288K, used 417650K [0x000000050c000000, 0x0000000800000000)
  region size 8192K, 32 young (262144K), 9 survivors (73728K)
 Metaspace       used 59675K, committed 60800K, reserved 1105920K
  class space    used 7292K, committed 7808K, reserved 1048576K
}
Event: 10.535 GC heap after
{Heap after GC invocations=16 (full 0):
 garbage-first heap   total 1548288K, used 246639K [0x000000050c000000, 0x0000000800000000)
  region size 8192K, 8 young (65536K), 8 survivors (65536K)
 Metaspace       used 59675K, committed 60800K, reserved 1105920K
  class space    used 7292K, committed 7808K, reserved 1048576K
}

